android/app/build/intermediates/manifest_merge_blame_file/debug/manifest-merger-blame-debug-report.txt
1<?xml version="1.0" encoding="utf-8"?>
2<manifest xmlns:android="http://schemas.android.com/apk/res/android"
3    package="br.com.cpfl.android.autoatendimento"
4    android:versionCode="1"
5    android:versionName="1.0" >
6
7    <uses-sdk
8        android:minSdkVersion="21"
9        android:targetSdkVersion="31" />
10
11    <uses-permission android:name="android.permission.SYSTEM_ALERT_WINDOW" />
11-->src/debug/AndroidManifest.xml:5:5-77
11-->src/debug/AndroidManifest.xml:5:22-75
12    <uses-permission android:name="android.permission.INTERNET" />
12-->src/main/AndroidManifest.xml:5:5-67
12-->src/main/AndroidManifest.xml:5:22-64
13    <uses-permission android:name="android.permission.WRITE_EXTERNAL_STORAGE" />
13-->src/main/AndroidManifest.xml:6:5-81
13-->src/main/AndroidManifest.xml:6:22-78
14    <uses-permission android:name="android.permission.FOREGROUND_SERVICE" />
14-->src/main/AndroidManifest.xml:7:5-77
14-->src/main/AndroidManifest.xml:7:22-74
15    <uses-permission android:name="android.permission.USE_FINGERPRINT" />
15-->src/main/AndroidManifest.xml:8:5-74
15-->src/main/AndroidManifest.xml:8:22-71
16    <uses-permission android:name="android.permission.ACCESS_WIFI_STATE" />
16-->[com.facebook.flipper:flipper:0.99.0] AndroidManifest.xml:16:5-76
16-->[com.facebook.flipper:flipper:0.99.0] AndroidManifest.xml:16:22-73
17    <uses-permission android:name="android.permission.ACCESS_NETWORK_STATE" />
17-->[:smisdk-android-plugin] AndroidManifest.xml:10:5-79
17-->[:smisdk-android-plugin] AndroidManifest.xml:10:22-76
18    <uses-permission android:name="android.permission.WAKE_LOCK" /> <!-- Required to read and write the expansion files on shared storage for Android 11 -->
18-->[:react-native-firebase_analytics] AndroidManifest.xml:11:5-68
18-->[:react-native-firebase_analytics] AndroidManifest.xml:11:22-65
19    <uses-permission android:name="android.permission.READ_EXTERNAL_STORAGE" /> <!-- Required to to download files without a notification -->
19-->[:react-native-blob-util] AndroidManifest.xml:31:5-80
19-->[:react-native-blob-util] AndroidManifest.xml:31:22-77
20    <uses-permission android:name="android.permission.DOWNLOAD_WITHOUT_NOTIFICATION" /> <!-- Required to access Google Play Licensing -->
20-->[:react-native-blob-util] AndroidManifest.xml:34:5-88
20-->[:react-native-blob-util] AndroidManifest.xml:34:22-85
21    <uses-permission android:name="com.android.vending.CHECK_LICENSE" /> <!-- <uses-permission android:name="android.permission.ACCESS_WIFI_STATE" /> -->
21-->[:rn-fetch-blob] AndroidManifest.xml:10:5-73
21-->[:rn-fetch-blob] AndroidManifest.xml:10:22-70
22    <uses-permission android:name="android.permission.RECEIVE_BOOT_COMPLETED" />
22-->[com.datami:vpnsdk:4.0.4] AndroidManifest.xml:14:5-81
22-->[com.datami:vpnsdk:4.0.4] AndroidManifest.xml:14:22-78
23
24    <queries>
24-->[net.openid:appauth:0.11.1] AndroidManifest.xml:24:5-32:15
25        <intent>
25-->[net.openid:appauth:0.11.1] AndroidManifest.xml:25:9-31:18
26            <action android:name="android.intent.action.VIEW" />
26-->src/main/AndroidManifest.xml:28:17-69
26-->src/main/AndroidManifest.xml:28:25-66
27
28            <category android:name="android.intent.category.BROWSABLE" />
28-->src/main/AndroidManifest.xml:30:17-78
28-->src/main/AndroidManifest.xml:30:27-75
29
30            <data android:scheme="https" />
30-->[com.facebook.android:facebook-common:9.0.0] AndroidManifest.xml:45:17-47:50
30-->[com.facebook.android:facebook-common:9.0.0] AndroidManifest.xml:47:21-47
31        </intent>
32    </queries>
33
34    <uses-permission android:name="com.google.android.gms.permission.AD_ID" />
34-->[com.google.android.gms:play-services-measurement-api:21.2.0] AndroidManifest.xml:25:5-79
34-->[com.google.android.gms:play-services-measurement-api:21.2.0] AndroidManifest.xml:25:22-76
35    <uses-permission android:name="com.google.android.finsky.permission.BIND_GET_INSTALL_REFERRER_SERVICE" />
35-->[com.google.android.gms:play-services-measurement:21.2.0] AndroidManifest.xml:26:5-110
35-->[com.google.android.gms:play-services-measurement:21.2.0] AndroidManifest.xml:26:22-107
36
37    <application
37-->src/main/AndroidManifest.xml:10:5-36:19
38        android:name="br.com.cpfl.android.autoatendimento.MainApplication"
38-->src/main/AndroidManifest.xml:11:9-40
39        android:allowBackup="false"
39-->src/main/AndroidManifest.xml:15:9-36
40        android:appComponentFactory="androidx.core.app.CoreComponentFactory"
40-->[androidx.core:core:1.6.0] AndroidManifest.xml:24:18-86
41        android:debuggable="true"
42        android:extractNativeLibs="true"
42-->src/main/AndroidManifest.xml:16:9-41
43        android:icon="@mipmap/ic_launcher"
43-->src/main/AndroidManifest.xml:13:9-43
44        android:label="@string/app_name"
44-->src/main/AndroidManifest.xml:12:9-41
45        android:roundIcon="@mipmap/ic_launcher_round"
45-->src/main/AndroidManifest.xml:14:9-54
46        android:supportsRtl="true"
46-->[com.facebook.android:facebook-android-sdk:9.0.0] AndroidManifest.xml:28:18-44
47        android:theme="@style/AppTheme"
47-->src/main/AndroidManifest.xml:17:9-40
48        android:usesCleartextTraffic="true" >
48-->src/debug/AndroidManifest.xml:8:9-44
49        <activity android:name="com.facebook.react.devsupport.DevSettingsActivity" />
49-->src/debug/AndroidManifest.xml:11:9-86
49-->src/debug/AndroidManifest.xml:11:19-83
50        <activity
50-->src/main/AndroidManifest.xml:18:9-32:20
51            android:name="br.com.cpfl.android.autoatendimento.MainActivity"
51-->src/main/AndroidManifest.xml:19:13-41
52            android:configChanges="keyboard|keyboardHidden|orientation|screenSize|uiMode"
52-->src/main/AndroidManifest.xml:22:13-90
53            android:exported="true"
53-->src/main/AndroidManifest.xml:20:13-36
54            android:label="@string/app_name"
54-->src/main/AndroidManifest.xml:21:13-45
55            android:launchMode="singleTask"
55-->src/main/AndroidManifest.xml:23:13-44
56            android:windowSoftInputMode="adjustResize" >
56-->src/main/AndroidManifest.xml:24:13-55
57            <intent-filter>
57-->src/main/AndroidManifest.xml:25:13-31:29
58                <action android:name="android.intent.action.MAIN" />
58-->src/main/AndroidManifest.xml:26:17-69
58-->src/main/AndroidManifest.xml:26:25-66
59
60                <category android:name="android.intent.category.LAUNCHER" />
60-->src/main/AndroidManifest.xml:27:17-77
60-->src/main/AndroidManifest.xml:27:27-74
61
62                <action android:name="android.intent.action.VIEW" />
62-->src/main/AndroidManifest.xml:28:17-69
62-->src/main/AndroidManifest.xml:28:25-66
63
64                <category android:name="android.intent.category.DEFAULT" />
64-->src/main/AndroidManifest.xml:29:17-76
64-->src/main/AndroidManifest.xml:29:27-73
65                <category android:name="android.intent.category.BROWSABLE" />
65-->src/main/AndroidManifest.xml:30:17-78
65-->src/main/AndroidManifest.xml:30:27-75
66            </intent-filter>
67        </activity>
68
69        <uses-library
69-->src/main/AndroidManifest.xml:33:9-87
70            android:name="org.apache.http.legacy"
70-->src/main/AndroidManifest.xml:33:23-60
71            android:required="false" />
71-->src/main/AndroidManifest.xml:33:61-85
72
73        <meta-data
73-->src/main/AndroidManifest.xml:34:9-107
74            android:name="com.facebook.sdk.ApplicationId"
74-->src/main/AndroidManifest.xml:34:20-65
75            android:value="@string/facebook_app_id" />
75-->src/main/AndroidManifest.xml:34:66-105
76        <meta-data
76-->src/main/AndroidManifest.xml:35:9-111
77            android:name="com.facebook.sdk.ClientToken"
77-->src/main/AndroidManifest.xml:35:20-63
78            android:value="@string/facebook_client_token" />
78-->src/main/AndroidManifest.xml:35:64-109
79
80        <service android:name="com.datami.smi.SmiIntentService" />
80-->[:smisdk-android-plugin] AndroidManifest.xml:18:9-67
80-->[:smisdk-android-plugin] AndroidManifest.xml:18:18-64
81
82        <meta-data
82-->[:react-native-firebase_analytics] AndroidManifest.xml:14:9-16:36
83            android:name="firebase_analytics_collection_enabled"
83-->[:react-native-firebase_analytics] AndroidManifest.xml:15:13-65
84            android:value="true" />
84-->[:react-native-firebase_analytics] AndroidManifest.xml:16:13-33
85        <meta-data
85-->[:react-native-firebase_analytics] AndroidManifest.xml:17:9-19:37
86            android:name="firebase_analytics_collection_deactivated"
86-->[:react-native-firebase_analytics] AndroidManifest.xml:18:13-69
87            android:value="false" />
87-->[:react-native-firebase_analytics] AndroidManifest.xml:19:13-34
88        <meta-data
88-->[:react-native-firebase_analytics] AndroidManifest.xml:20:9-22:36
89            android:name="google_analytics_adid_collection_enabled"
89-->[:react-native-firebase_analytics] AndroidManifest.xml:21:13-68
90            android:value="true" />
90-->[:react-native-firebase_analytics] AndroidManifest.xml:22:13-33
91        <meta-data
91-->[:react-native-firebase_analytics] AndroidManifest.xml:23:9-25:36
92            android:name="google_analytics_ssaid_collection_enabled"
92-->[:react-native-firebase_analytics] AndroidManifest.xml:24:13-69
93            android:value="true" />
93-->[:react-native-firebase_analytics] AndroidManifest.xml:25:13-33
94        <meta-data
94-->[:react-native-firebase_analytics] AndroidManifest.xml:26:9-28:36
95            android:name="google_analytics_default_allow_ad_personalization_signals"
95-->[:react-native-firebase_analytics] AndroidManifest.xml:27:13-85
96            android:value="true" />
96-->[:react-native-firebase_analytics] AndroidManifest.xml:28:13-33
97        <meta-data
97-->[:react-native-firebase_analytics] AndroidManifest.xml:29:9-31:36
98            android:name="google_analytics_automatic_screen_reporting_enabled"
98-->[:react-native-firebase_analytics] AndroidManifest.xml:30:13-79
99            android:value="true" />
99-->[:react-native-firebase_analytics] AndroidManifest.xml:31:13-33
100        <meta-data
100-->[:react-native-firebase_app] AndroidManifest.xml:11:9-13:36
101            android:name="app_data_collection_default_enabled"
101-->[:react-native-firebase_app] AndroidManifest.xml:12:13-63
102            android:value="true" />
102-->[:react-native-firebase_app] AndroidManifest.xml:13:13-33
103
104        <service
104-->[:react-native-firebase_app] AndroidManifest.xml:15:9-23:19
105            android:name="com.google.firebase.components.ComponentDiscoveryService"
105-->[:react-native-firebase_app] AndroidManifest.xml:16:13-84
106            android:directBootAware="true"
106-->[:react-native-firebase_app] AndroidManifest.xml:17:13-43
107            android:exported="false" >
107-->[:react-native-firebase_app] AndroidManifest.xml:18:13-37
108            <meta-data
108-->[:react-native-firebase_app] AndroidManifest.xml:20:13-22:85
109                android:name="com.google.firebase.components:io.invertase.firebase.app.ReactNativeFirebaseAppRegistrar"
109-->[:react-native-firebase_app] AndroidManifest.xml:21:17-120
110                android:value="com.google.firebase.components.ComponentRegistrar" />
110-->[:react-native-firebase_app] AndroidManifest.xml:22:17-82
111            <meta-data
111-->[com.google.android.gms:play-services-measurement-api:21.2.0] AndroidManifest.xml:31:13-33:85
112                android:name="com.google.firebase.components:com.google.firebase.analytics.connector.internal.AnalyticsConnectorRegistrar"
112-->[com.google.android.gms:play-services-measurement-api:21.2.0] AndroidManifest.xml:32:17-139
113                android:value="com.google.firebase.components.ComponentRegistrar" />
113-->[com.google.android.gms:play-services-measurement-api:21.2.0] AndroidManifest.xml:33:17-82
114            <meta-data
114-->[com.google.firebase:firebase-installations:17.1.0] AndroidManifest.xml:17:13-19:85
115                android:name="com.google.firebase.components:com.google.firebase.installations.FirebaseInstallationsRegistrar"
115-->[com.google.firebase:firebase-installations:17.1.0] AndroidManifest.xml:18:17-127
116                android:value="com.google.firebase.components.ComponentRegistrar" />
116-->[com.google.firebase:firebase-installations:17.1.0] AndroidManifest.xml:19:17-82
117        </service>
118
119        <provider
119-->[:react-native-firebase_app] AndroidManifest.xml:25:9-29:38
120            android:name="io.invertase.firebase.app.ReactNativeFirebaseAppInitProvider"
120-->[:react-native-firebase_app] AndroidManifest.xml:26:13-88
121            android:authorities="br.com.cpfl.android.autoatendimento.reactnativefirebaseappinitprovider"
121-->[:react-native-firebase_app] AndroidManifest.xml:27:13-86
122            android:exported="false"
122-->[:react-native-firebase_app] AndroidManifest.xml:28:13-37
123            android:initOrder="99" />
123-->[:react-native-firebase_app] AndroidManifest.xml:29:13-35
124        <provider
124-->[:react-native-blob-util] AndroidManifest.xml:37:9-45:20
125            android:name="com.ReactNativeBlobUtil.Utils.FileProvider"
125-->[:react-native-blob-util] AndroidManifest.xml:38:13-70
126            android:authorities="br.com.cpfl.android.autoatendimento.provider"
126-->[:react-native-blob-util] AndroidManifest.xml:39:13-60
127            android:exported="false"
127-->[:react-native-blob-util] AndroidManifest.xml:40:13-37
128            android:grantUriPermissions="true" >
128-->[:react-native-blob-util] AndroidManifest.xml:41:13-47
129            <meta-data
129-->[:react-native-blob-util] AndroidManifest.xml:42:13-44:58
130                android:name="android.support.FILE_PROVIDER_PATHS"
130-->[:react-native-blob-util] AndroidManifest.xml:43:17-67
131                android:resource="@xml/provider_paths" />
131-->[:react-native-blob-util] AndroidManifest.xml:44:17-55
132        </provider>
133        <provider
133-->[:react-native-share] AndroidManifest.xml:10:9-18:20
134            android:name="cl.json.RNShareFileProvider"
134-->[:react-native-share] AndroidManifest.xml:11:13-55
135            android:authorities="br.com.cpfl.android.autoatendimento.rnshare.fileprovider"
135-->[:react-native-share] AndroidManifest.xml:12:13-72
136            android:exported="false"
136-->[:react-native-share] AndroidManifest.xml:13:13-37
137            android:grantUriPermissions="true" >
137-->[:react-native-share] AndroidManifest.xml:14:13-47
138            <meta-data
138-->[:react-native-blob-util] AndroidManifest.xml:42:13-44:58
139                android:name="android.support.FILE_PROVIDER_PATHS"
139-->[:react-native-blob-util] AndroidManifest.xml:43:17-67
140                android:resource="@xml/share_download_paths" />
140-->[:react-native-blob-util] AndroidManifest.xml:44:17-55
141        </provider>
142        <provider
142-->[:react-native-webview] AndroidManifest.xml:10:9-18:20
143            android:name="com.reactnativecommunity.webview.RNCWebViewFileProvider"
143-->[:react-native-webview] AndroidManifest.xml:11:13-83
144            android:authorities="br.com.cpfl.android.autoatendimento.fileprovider"
144-->[:react-native-webview] AndroidManifest.xml:12:13-64
145            android:exported="false"
145-->[:react-native-webview] AndroidManifest.xml:13:13-37
146            android:grantUriPermissions="true" >
146-->[:react-native-webview] AndroidManifest.xml:14:13-47
147            <meta-data
147-->[:react-native-blob-util] AndroidManifest.xml:42:13-44:58
148                android:name="android.support.FILE_PROVIDER_PATHS"
148-->[:react-native-blob-util] AndroidManifest.xml:43:17-67
149                android:resource="@xml/file_provider_paths" />
149-->[:react-native-blob-util] AndroidManifest.xml:44:17-55
150        </provider>
151        <provider
151-->[:rn-fetch-blob] AndroidManifest.xml:34:9-42:20
152            android:name="com.RNFetchBlob.Utils.FileProvider"
152-->[:rn-fetch-blob] AndroidManifest.xml:35:13-62
153            android:authorities="br.com.cpfl.android.autoatendimento.provider"
153-->[:rn-fetch-blob] AndroidManifest.xml:36:13-60
154            android:exported="false"
154-->[:rn-fetch-blob] AndroidManifest.xml:37:13-37
155            android:grantUriPermissions="true" >
155-->[:rn-fetch-blob] AndroidManifest.xml:38:13-47
156            <meta-data
156-->[:react-native-blob-util] AndroidManifest.xml:42:13-44:58
157                android:name="android.support.FILE_PROVIDER_PATHS"
157-->[:react-native-blob-util] AndroidManifest.xml:43:17-67
158                android:resource="@xml/provider_paths" />
158-->[:react-native-blob-util] AndroidManifest.xml:44:17-55
159        </provider>
160
161        <activity
161-->[com.facebook.android:facebook-common:9.0.0] AndroidManifest.xml:30:9-33:66
162            android:name="com.facebook.FacebookActivity"
162-->[com.facebook.android:facebook-common:9.0.0] AndroidManifest.xml:31:13-57
163            android:configChanges="keyboard|keyboardHidden|screenLayout|screenSize|orientation"
163-->[com.facebook.android:facebook-common:9.0.0] AndroidManifest.xml:32:13-96
164            android:theme="@style/com_facebook_activity_theme" />
164-->[com.facebook.android:facebook-common:9.0.0] AndroidManifest.xml:33:13-63
165        <activity android:name="com.facebook.CustomTabMainActivity" />
165-->[com.facebook.android:facebook-common:9.0.0] AndroidManifest.xml:34:9-71
165-->[com.facebook.android:facebook-common:9.0.0] AndroidManifest.xml:34:19-68
166        <activity
166-->[com.facebook.android:facebook-common:9.0.0] AndroidManifest.xml:35:9-49:20
167            android:name="com.facebook.CustomTabActivity"
167-->[com.facebook.android:facebook-common:9.0.0] AndroidManifest.xml:36:13-58
168            android:exported="true" >
168-->[com.facebook.android:facebook-common:9.0.0] AndroidManifest.xml:37:13-36
169            <intent-filter>
169-->[com.facebook.android:facebook-common:9.0.0] AndroidManifest.xml:39:13-48:29
170                <action android:name="android.intent.action.VIEW" />
170-->src/main/AndroidManifest.xml:28:17-69
170-->src/main/AndroidManifest.xml:28:25-66
171
172                <category android:name="android.intent.category.DEFAULT" />
172-->src/main/AndroidManifest.xml:29:17-76
172-->src/main/AndroidManifest.xml:29:27-73
173                <category android:name="android.intent.category.BROWSABLE" />
173-->src/main/AndroidManifest.xml:30:17-78
173-->src/main/AndroidManifest.xml:30:27-75
174
175                <data
175-->[com.facebook.android:facebook-common:9.0.0] AndroidManifest.xml:45:17-47:50
176                    android:host="cct.br.com.cpfl.android.autoatendimento"
176-->[com.facebook.android:facebook-common:9.0.0] AndroidManifest.xml:46:21-56
177                    android:scheme="fbconnect" />
177-->[com.facebook.android:facebook-common:9.0.0] AndroidManifest.xml:47:21-47
178            </intent-filter>
179        </activity>
180        <activity
180-->[com.datami:vpnsdk:4.0.4] AndroidManifest.xml:18:9-22:56
181            android:name="com.datami.smi.ui.VpnPermissionActivity"
181-->[com.datami:vpnsdk:4.0.4] AndroidManifest.xml:19:13-67
182            android:configChanges="orientation|screenSize|keyboard|keyboardHidden"
182-->[com.datami:vpnsdk:4.0.4] AndroidManifest.xml:20:13-83
183            android:exported="false"
183-->[com.datami:vpnsdk:4.0.4] AndroidManifest.xml:21:13-37
184            android:theme="@style/Theme.Transparent" />
184-->[com.datami:vpnsdk:4.0.4] AndroidManifest.xml:22:13-53
185
186        <service
186-->[com.datami:vpnsdk:4.0.4] AndroidManifest.xml:24:9-26:40
187            android:name="com.datami.smi.wrapper.SmiVPNHandler"
187-->[com.datami:vpnsdk:4.0.4] AndroidManifest.xml:25:13-64
188            android:exported="false" />
188-->[com.datami:vpnsdk:4.0.4] AndroidManifest.xml:26:13-37
189        <service
189-->[com.datami:vpnsdk:4.0.4] AndroidManifest.xml:27:9-36:19
190            android:name="de.blinkt.openvpn.core.cusdmi2"
190-->[com.datami:vpnsdk:4.0.4] AndroidManifest.xml:28:13-58
191            android:exported="true"
191-->[com.datami:vpnsdk:4.0.4] AndroidManifest.xml:29:13-36
192            android:foregroundServiceType="connectedDevice"
192-->[com.datami:vpnsdk:4.0.4] AndroidManifest.xml:30:13-60
193            android:permission="android.permission.BIND_VPN_SERVICE"
193-->[com.datami:vpnsdk:4.0.4] AndroidManifest.xml:31:13-69
194            android:process=":openvpn" >
194-->[com.datami:vpnsdk:4.0.4] AndroidManifest.xml:32:13-39
195            <intent-filter>
195-->[com.datami:vpnsdk:4.0.4] AndroidManifest.xml:33:13-35:29
196                <action android:name="android.net.VpnService" />
196-->[com.datami:vpnsdk:4.0.4] AndroidManifest.xml:34:17-65
196-->[com.datami:vpnsdk:4.0.4] AndroidManifest.xml:34:25-62
197            </intent-filter>
198        </service>
199        <service
199-->[com.datami:vpnsdk:4.0.4] AndroidManifest.xml:37:9-40:42
200            android:name="de.blinkt.openvpn.core.cusdmi3"
200-->[com.datami:vpnsdk:4.0.4] AndroidManifest.xml:38:13-58
201            android:exported="false"
201-->[com.datami:vpnsdk:4.0.4] AndroidManifest.xml:39:13-37
202            android:process=":openvpn" />
202-->[com.datami:vpnsdk:4.0.4] AndroidManifest.xml:40:13-39
203        <service
203-->[com.datami:vpnsdk:4.0.4] AndroidManifest.xml:41:9-43:40
204            android:name="com.datami.smi.wrapper.dmicus2"
204-->[com.datami:vpnsdk:4.0.4] AndroidManifest.xml:42:13-58
205            android:exported="false" />
205-->[com.datami:vpnsdk:4.0.4] AndroidManifest.xml:43:13-37
206
207        <provider
207-->[:react-native-share-pdf] AndroidManifest.xml:10:9-19:20
208            android:name="androidx.core.content.FileProvider"
208-->[:react-native-share-pdf] AndroidManifest.xml:11:13-62
209            android:authorities="br.com.cpfl.android.autoatendimento.provider"
209-->[:react-native-share-pdf] AndroidManifest.xml:12:13-60
210            android:exported="false"
210-->[:react-native-share-pdf] AndroidManifest.xml:13:13-37
211            android:grantUriPermissions="true" >
211-->[:react-native-share-pdf] AndroidManifest.xml:14:13-47
212            <meta-data
212-->[:react-native-blob-util] AndroidManifest.xml:42:13-44:58
213                android:name="android.support.FILE_PROVIDER_PATHS"
213-->[:react-native-blob-util] AndroidManifest.xml:43:17-67
214                android:resource="@xml/file_paths" >
214-->[:react-native-blob-util] AndroidManifest.xml:44:17-55
215            </meta-data>
216        </provider>
217
218        <activity
218-->[net.openid:appauth:0.11.1] AndroidManifest.xml:35:9-40:77
219            android:name="net.openid.appauth.AuthorizationManagementActivity"
219-->[net.openid:appauth:0.11.1] AndroidManifest.xml:36:13-78
220            android:configChanges="screenSize|smallestScreenSize|screenLayout|orientation|keyboard|keyboardHidden"
220-->[net.openid:appauth:0.11.1] AndroidManifest.xml:37:13-115
221            android:exported="false"
221-->[net.openid:appauth:0.11.1] AndroidManifest.xml:38:13-37
222            android:launchMode="singleTask"
222-->[net.openid:appauth:0.11.1] AndroidManifest.xml:39:13-44
223            android:theme="@style/Theme.AppCompat.Translucent.NoTitleBar" />
223-->[net.openid:appauth:0.11.1] AndroidManifest.xml:40:13-74
224        <activity
224-->[net.openid:appauth:0.11.1] AndroidManifest.xml:41:9-52:20
225            android:name="net.openid.appauth.RedirectUriReceiverActivity"
225-->[net.openid:appauth:0.11.1] AndroidManifest.xml:42:13-74
226            android:exported="true" >
226-->[net.openid:appauth:0.11.1] AndroidManifest.xml:43:13-36
227            <intent-filter>
227-->[net.openid:appauth:0.11.1] AndroidManifest.xml:44:13-51:29
228                <action android:name="android.intent.action.VIEW" />
228-->src/main/AndroidManifest.xml:28:17-69
228-->src/main/AndroidManifest.xml:28:25-66
229
230                <category android:name="android.intent.category.DEFAULT" />
230-->src/main/AndroidManifest.xml:29:17-76
230-->src/main/AndroidManifest.xml:29:27-73
231                <category android:name="android.intent.category.BROWSABLE" />
231-->src/main/AndroidManifest.xml:30:17-78
231-->src/main/AndroidManifest.xml:30:27-75
232
233                <data android:scheme="msauth" />
233-->[com.facebook.android:facebook-common:9.0.0] AndroidManifest.xml:45:17-47:50
233-->[com.facebook.android:facebook-common:9.0.0] AndroidManifest.xml:47:21-47
234            </intent-filter>
235        </activity>
236        <activity
236-->[com.google.android.gms:play-services-auth:20.3.0] AndroidManifest.xml:23:9-27:75
237            android:name="com.google.android.gms.auth.api.signin.internal.SignInHubActivity"
237-->[com.google.android.gms:play-services-auth:20.3.0] AndroidManifest.xml:24:13-93
238            android:excludeFromRecents="true"
238-->[com.google.android.gms:play-services-auth:20.3.0] AndroidManifest.xml:25:13-46
239            android:exported="false"
239-->[com.google.android.gms:play-services-auth:20.3.0] AndroidManifest.xml:26:13-37
240            android:theme="@android:style/Theme.Translucent.NoTitleBar" />
240-->[com.google.android.gms:play-services-auth:20.3.0] AndroidManifest.xml:27:13-72
241        <!--
242            Service handling Google Sign-In user revocation. For apps that do not integrate with
243            Google Sign-In, this service will never be started.
244        -->
245        <service
245-->[com.google.android.gms:play-services-auth:20.3.0] AndroidManifest.xml:33:9-37:51
246            android:name="com.google.android.gms.auth.api.signin.RevocationBoundService"
246-->[com.google.android.gms:play-services-auth:20.3.0] AndroidManifest.xml:34:13-89
247            android:exported="true"
247-->[com.google.android.gms:play-services-auth:20.3.0] AndroidManifest.xml:35:13-36
248            android:permission="com.google.android.gms.auth.api.signin.permission.REVOCATION_NOTIFICATION"
248-->[com.google.android.gms:play-services-auth:20.3.0] AndroidManifest.xml:36:13-107
249            android:visibleToInstantApps="true" />
249-->[com.google.android.gms:play-services-auth:20.3.0] AndroidManifest.xml:37:13-48
250
251        <activity
251-->[com.google.android.gms:play-services-base:18.0.1] AndroidManifest.xml:20:9-22:45
252            android:name="com.google.android.gms.common.api.GoogleApiActivity"
252-->[com.google.android.gms:play-services-base:18.0.1] AndroidManifest.xml:20:19-85
253            android:exported="false"
253-->[com.google.android.gms:play-services-base:18.0.1] AndroidManifest.xml:22:19-43
254            android:theme="@android:style/Theme.Translucent.NoTitleBar" />
254-->[com.google.android.gms:play-services-base:18.0.1] AndroidManifest.xml:21:19-78
255
256        <provider
256-->[com.google.firebase:firebase-common:20.2.0] AndroidManifest.xml:25:9-30:39
257            android:name="com.google.firebase.provider.FirebaseInitProvider"
257-->[com.google.firebase:firebase-common:20.2.0] AndroidManifest.xml:26:13-77
258            android:authorities="br.com.cpfl.android.autoatendimento.firebaseinitprovider"
258-->[com.google.firebase:firebase-common:20.2.0] AndroidManifest.xml:27:13-72
259            android:directBootAware="true"
259-->[com.google.firebase:firebase-common:20.2.0] AndroidManifest.xml:28:13-43
260            android:exported="false"
260-->[com.google.firebase:firebase-common:20.2.0] AndroidManifest.xml:29:13-37
261            android:initOrder="100" />
261-->[com.google.firebase:firebase-common:20.2.0] AndroidManifest.xml:30:13-36
262
263        <receiver
263-->[com.google.android.gms:play-services-measurement:21.2.0] AndroidManifest.xml:29:9-33:20
264            android:name="com.google.android.gms.measurement.AppMeasurementReceiver"
264-->[com.google.android.gms:play-services-measurement:21.2.0] AndroidManifest.xml:30:13-85
265            android:enabled="true"
265-->[com.google.android.gms:play-services-measurement:21.2.0] AndroidManifest.xml:31:13-35
266            android:exported="false" >
266-->[com.google.android.gms:play-services-measurement:21.2.0] AndroidManifest.xml:32:13-37
267        </receiver>
268
269        <service
269-->[com.google.android.gms:play-services-measurement:21.2.0] AndroidManifest.xml:35:9-38:40
270            android:name="com.google.android.gms.measurement.AppMeasurementService"
270-->[com.google.android.gms:play-services-measurement:21.2.0] AndroidManifest.xml:36:13-84
271            android:enabled="true"
271-->[com.google.android.gms:play-services-measurement:21.2.0] AndroidManifest.xml:37:13-35
272            android:exported="false" />
272-->[com.google.android.gms:play-services-measurement:21.2.0] AndroidManifest.xml:38:13-37
273        <service
273-->[com.google.android.gms:play-services-measurement:21.2.0] AndroidManifest.xml:39:9-43:72
274            android:name="com.google.android.gms.measurement.AppMeasurementJobService"
274-->[com.google.android.gms:play-services-measurement:21.2.0] AndroidManifest.xml:40:13-87
275            android:enabled="true"
275-->[com.google.android.gms:play-services-measurement:21.2.0] AndroidManifest.xml:41:13-35
276            android:exported="false"
276-->[com.google.android.gms:play-services-measurement:21.2.0] AndroidManifest.xml:42:13-37
277            android:permission="android.permission.BIND_JOB_SERVICE" />
277-->[com.google.android.gms:play-services-measurement:21.2.0] AndroidManifest.xml:43:13-69
278
279        <meta-data
279-->[com.google.android.gms:play-services-basement:18.1.0] AndroidManifest.xml:21:9-23:69
280            android:name="com.google.android.gms.version"
280-->[com.google.android.gms:play-services-basement:18.1.0] AndroidManifest.xml:22:13-58
281            android:value="@integer/google_play_services_version" />
281-->[com.google.android.gms:play-services-basement:18.1.0] AndroidManifest.xml:23:13-66
282        <!--
283         The initialization ContentProvider will call FacebookSdk.sdkInitialize automatically